<?xml version="1.0" encoding="UTF-8"?>
<!-- Generated by org.testng.reporters.JUnitReportReporter -->
<testsuite skipped="0" hostname="RSLPTP1013" name="org.parallelExecTest.ScreenshotElement" tests="1" failures="0" timestamp="30 Jan 2020 08:15:33 GMT" time="16.003" errors="0">
  <testcase name="screenshotDemo" time="16.003" classname="org.parallelExecTest.ScreenshotElement"/>
</testsuite> <!-- org.parallelExecTest.ScreenshotElement -->
