<?xml version="1.0" encoding="UTF-8"?>
<!-- Generated by org.testng.reporters.JUnitReportReporter -->
<testsuite skipped="0" hostname="RSLPTP1013" name="org.parallelExecTest.SearchTest" tests="3" failures="0" timestamp="30 Jan 2020 08:15:33 GMT" time="21.668" errors="0">
  <testcase name="searchCases" time="9.353" classname="org.parallelExecTest.SearchTest"/>
  <testcase name="searchCases" time="3.492" classname="org.parallelExecTest.SearchTest"/>
  <testcase name="searchCases" time="8.823" classname="org.parallelExecTest.SearchTest"/>
</testsuite> <!-- org.parallelExecTest.SearchTest -->
